빌드 시작: 2013-04-10 오전 1:47:36
     1>2 노드의 "C:\Users\Administrator\documents\visual studio 2010\Projects\datastruct\datastruct\datastruct.vcxproj" 프로젝트(build 대상)입니다.
     1>InitializeBuildStatus:
         "AlwaysCreate"이(가) 지정되었기 때문에 "Debug\datastruct.unsuccessfulbuild"을(를) 만들고 있습니다.
       ClCompile:
         C:\Program Files (x86)\Microsoft Visual Studio 10.0\VC\bin\CL.exe /c /ZI /nologo /W3 /WX- /Od /Oy- /D WIN32 /D _DEBUG /D _CONSOLE /D _UNICODE /D UNICODE /Gm /EHsc /RTC1 /MDd /GS /fp:precise /Zc:wchar_t /Zc:forScope /Fo"Debug\\" /Fd"Debug\vc100.pdb" /Gd /TC /analyze- /errorReport:prompt test1.c
         test1.c
     1>c:\users\administrator\documents\visual studio 2010\projects\datastruct\datastruct\test1.c(85): warning C4047: '!=' : 'int'의 간접 참조 수준이 'void *'과(와) 다릅니다.
     1>c:\users\administrator\documents\visual studio 2010\projects\datastruct\datastruct\test1.c(98): warning C4047: '!=' : 'int'의 간접 참조 수준이 'void *'과(와) 다릅니다.
     1>c:\users\administrator\documents\visual studio 2010\projects\datastruct\datastruct\test1.c(105): warning C4047: '!=' : 'int'의 간접 참조 수준이 'void *'과(와) 다릅니다.
       ManifestResourceCompile:
         모든 출력이 최신 상태입니다.
       Link:
         C:\Program Files (x86)\Microsoft Visual Studio 10.0\VC\bin\link.exe /ERRORREPORT:PROMPT /OUT:"C:\Users\Administrator\documents\visual studio 2010\Projects\datastruct\Debug\datastruct.exe" /INCREMENTAL /NOLOGO kernel32.lib user32.lib gdi32.lib winspool.lib comdlg32.lib advapi32.lib shell32.lib ole32.lib oleaut32.lib uuid.lib odbc32.lib odbccp32.lib /MANIFEST /ManifestFile:"Debug\datastruct.exe.intermediate.manifest" /MANIFESTUAC:"level='asInvoker' uiAccess='false'" /DEBUG /PDB:"C:\Users\Administrator\documents\visual studio 2010\Projects\datastruct\Debug\datastruct.pdb" /SUBSYSTEM:CONSOLE /TLBID:1 /DYNAMICBASE /NXCOMPAT /IMPLIB:"C:\Users\Administrator\documents\visual studio 2010\Projects\datastruct\Debug\datastruct.lib" /MACHINE:X86 Debug\datastruct.exe.embed.manifest.res
         Debug\test1.obj
       Manifest:
         C:\Program Files (x86)\Microsoft SDKs\Windows\v7.0A\bin\mt.exe /nologo /verbose /out:"Debug\datastruct.exe.embed.manifest" /manifest Debug\datastruct.exe.intermediate.manifest
         모든 출력이 최신 상태입니다.
       LinkEmbedManifest:
         모든 출력이 최신 상태입니다.
         datastruct.vcxproj -> C:\Users\Administrator\documents\visual studio 2010\Projects\datastruct\Debug\datastruct.exe
       FinalizeBuildStatus:
         "Debug\datastruct.unsuccessfulbuild" 파일을 삭제하고 있습니다.
         "Debug\datastruct.lastbuildstate"에 연결(touching)하고 있습니다.
     1>"C:\Users\Administrator\documents\visual studio 2010\Projects\datastruct\datastruct\datastruct.vcxproj" 프로젝트를 빌드했습니다(build 대상).

빌드했습니다.

경과 시간: 00:00:00.99
